<?xml version="1.0" encoding="UTF-8"?>
<!-- Generated by org.testng.reporters.JUnitReportReporter -->
<testsuite skipped="0" hostname="saktsund" name="sdet_Selenium_Project.LMS_Test" tests="9" failures="0" timestamp="09 Jul 2020 05:47:30 GMT" time="140.519" errors="0">
  <testcase name="complete_lesson" time="24.500" classname="sdet_Selenium_Project.LMS_Test"/>
  <testcase name="contact_admin" time="13.807" classname="sdet_Selenium_Project.LMS_Test"/>
  <testcase name="countcourses" time="12.210" classname="sdet_Selenium_Project.LMS_Test"/>
  <testcase name="Logintoaccount" time="21.358" classname="sdet_Selenium_Project.LMS_Test"/>
  <testcase name="Navigate_to_Other_Page" time="16.052" classname="sdet_Selenium_Project.LMS_Test"/>
  <testcase name="verify_Second_popular" time="12.327" classname="sdet_Selenium_Project.LMS_Test"/>
  <testcase name="verifyfirsttitle" time="14.146" classname="sdet_Selenium_Project.LMS_Test"/>
  <testcase name="Verifywebsiteheading" time="16.757" classname="sdet_Selenium_Project.LMS_Test"/>
  <testcase name="VerfiywebsiteTitle" time="9.362" classname="sdet_Selenium_Project.LMS_Test"/>
</testsuite> <!-- sdet_Selenium_Project.LMS_Test -->
